<?xml version="1.0" encoding="UTF-8"?>
<!-- Generated by org.testng.reporters.JUnitReportReporter -->
<testsuite hostname="DESKTOP-15J4PS7" failures="0" tests="3" name="TestNG_features.DependsOnMethods" time="0.025" errors="0" timestamp="2023-07-07T16:03:44 IST" skipped="0">
  <testcase classname="TestNG_features.DependsOnMethods" name="Chat" time="0.003"/>
  <testcase classname="TestNG_features.DependsOnMethods" name="LoginPage" time="0.016"/>
  <testcase classname="TestNG_features.DependsOnMethods" name="HomePage" time="0.006"/>
</testsuite> <!-- TestNG_features.DependsOnMethods -->
