<?xml version="1.0" encoding="UTF-8"?>
<!-- Generated by org.testng.reporters.JUnitReportReporter -->
<testsuite hostname="DESKTOP-15J4PS7" failures="0" tests="1" name="Parameterization.Substract" time="0.002" errors="0" timestamp="2023-07-07T16:48:49 IST" skipped="0">
  <testcase classname="Parameterization.Substract" name="sum" time="0.002"/>
</testsuite> <!-- Parameterization.Substract -->
