<?xml version="1.0" encoding="UTF-8"?>
<!-- Generated by org.testng.reporters.JUnitReportReporter -->
<testsuite hostname="DESKTOP-15J4PS7" failures="0" tests="1" name="Demo.Test1" time="0.143" errors="0" timestamp="2023-07-06T09:39:56 IST" skipped="0">
  <testcase classname="Demo.Test1" name="m1" time="0.143"/>
</testsuite> <!-- Demo.Test1 -->
