<?xml version="1.0" encoding="UTF-8"?>
<!-- Generated by org.testng.reporters.JUnitReportReporter -->
<testsuite hostname="DESKTOP-15J4PS7" failures="0" tests="5" name="TestNG_features.InvocationCount" time="0.111" errors="0" timestamp="2023-07-07T19:35:05 IST" skipped="0">
  <testcase classname="TestNG_features.InvocationCount" name="count" time="0.040"/>
  <testcase classname="TestNG_features.InvocationCount" name="count" time="0.023"/>
  <testcase classname="TestNG_features.InvocationCount" name="count" time="0.006"/>
  <testcase classname="TestNG_features.InvocationCount" name="count" time="0.025"/>
  <testcase classname="TestNG_features.InvocationCount" name="count" time="0.017"/>
</testsuite> <!-- TestNG_features.InvocationCount -->
