<?xml version="1.0" encoding="UTF-8"?>
<!-- Generated by org.testng.reporters.JUnitReportReporter -->
<testsuite hostname="DESKTOP-15J4PS7" failures="0" tests="6" name="TestNG_features.Priority2" time="230.412" errors="0" timestamp="2023-07-07T15:46:47 IST" skipped="0">
  <testcase classname="TestNG_features.Priority2" name="test5" time="35.822"/>
  <testcase classname="TestNG_features.Priority2" name="test4" time="43.399"/>
  <testcase classname="TestNG_features.Priority2" name="test1" time="15.859"/>
  <testcase classname="TestNG_features.Priority2" name="test2" time="48.886"/>
  <testcase classname="TestNG_features.Priority2" name="test3" time="65.457"/>
  <testcase classname="TestNG_features.Priority2" name="test6" time="20.989"/>
</testsuite> <!-- TestNG_features.Priority2 -->
