<?xml version="1.0" encoding="UTF-8"?>
<!-- Generated by org.testng.reporters.JUnitReportReporter -->
<testsuite hostname="DESKTOP-15J4PS7" failures="0" tests="1" name="TestNG_features.ExpectedExceptions" time="0.015" errors="0" timestamp="2023-07-07T16:33:10 IST" skipped="0">
  <testcase classname="TestNG_features.ExpectedExceptions" name="number" time="0.015"/>
</testsuite> <!-- TestNG_features.ExpectedExceptions -->
