<?xml version="1.0" encoding="UTF-8"?>
<!-- Generated by org.testng.reporters.JUnitReportReporter -->
<testsuite hostname="DESKTOP-15J4PS7" failures="0" tests="5" name="Data_provider.First_program" time="137.933" errors="0" timestamp="2023-07-12T15:37:37 IST" skipped="0">
  <testcase classname="Data_provider.First_program" name="Data_provider1" time="37.552"/>
  <testcase classname="Data_provider.First_program" name="Data_provider1" time="40.744"/>
  <testcase classname="Data_provider.First_program" name="Data_provider1" time="10.994"/>
  <testcase classname="Data_provider.First_program" name="Data_provider1" time="13.531"/>
  <testcase classname="Data_provider.First_program" name="Data_provider1" time="35.112"/>
</testsuite> <!-- Data_provider.First_program -->
