<?xml version="1.0" encoding="UTF-8"?>
<!-- Generated by org.testng.reporters.JUnitReportReporter -->
<testsuite hostname="DESKTOP-15J4PS7" failures="0" tests="1" name="Parameterization.Sum" time="0.012" errors="0" timestamp="2023-07-07T16:48:49 IST" skipped="0">
  <testcase classname="Parameterization.Sum" name="sum" time="0.012"/>
</testsuite> <!-- Parameterization.Sum -->
