<?xml version="1.0" encoding="UTF-8"?>
<!-- Generated by org.testng.reporters.JUnitReportReporter -->
<testsuite hostname="DESKTOP-15J4PS7" failures="0" tests="1" name="TestNG_features.TimeOut" time="0.017" errors="0" timestamp="2023-07-07T15:57:45 IST" skipped="0">
  <testcase classname="TestNG_features.TimeOut" name="Test2" time="0.017"/>
</testsuite> <!-- TestNG_features.TimeOut -->
