<?xml version="1.0" encoding="UTF-8"?>
<!-- Generated by org.testng.reporters.JUnitReportReporter -->
<testsuite hostname="DESKTOP-15J4PS7" failures="0" tests="4" name="TestNG_features.EnabledXMLProgram" time="0.024" errors="0" timestamp="2023-07-07T16:29:27 IST" skipped="0">
  <testcase classname="TestNG_features.EnabledXMLProgram" name="Test4" time="0.003"/>
  <testcase classname="TestNG_features.EnabledXMLProgram" name="Test2" time="0.003"/>
  <testcase classname="TestNG_features.EnabledXMLProgram" name="Test3" time="0.010"/>
  <testcase classname="TestNG_features.EnabledXMLProgram" name="Test1" time="0.008"/>
</testsuite> <!-- TestNG_features.EnabledXMLProgram -->
