<?xml version="1.0" encoding="UTF-8"?>
<!-- Generated by org.testng.reporters.JUnitReportReporter -->
<testsuite hostname="DESKTOP-15J4PS7" failures="0" tests="4" name="ParallelTesting.FirstProgram" time="157.806" errors="0" timestamp="2023-07-11T13:38:16 IST" skipped="0">
  <testcase classname="ParallelTesting.FirstProgram" name="test2" time="48.514"/>
  <testcase classname="ParallelTesting.FirstProgram" name="test1" time="30.055"/>
  <testcase classname="ParallelTesting.FirstProgram" name="test2" time="48.843"/>
  <testcase classname="ParallelTesting.FirstProgram" name="test1" time="30.394"/>
</testsuite> <!-- ParallelTesting.FirstProgram -->
