<?xml version="1.0" encoding="UTF-8"?>
<!-- Generated by org.testng.reporters.JUnitReportReporter -->
<testsuite hostname="DESKTOP-15J4PS7" failures="0" tests="1" name="TestNG_features.Day2" time="0.012" errors="0" timestamp="2023-07-07T16:41:49 IST" skipped="0">
  <testcase classname="TestNG_features.Day2" name="test5" time="0.012"/>
</testsuite> <!-- TestNG_features.Day2 -->
