<?xml version="1.0" encoding="UTF-8"?>
<!-- Generated by org.testng.reporters.JUnitReportReporter -->
<testsuite hostname="DESKTOP-15J4PS7" failures="0" tests="4" name="TestNG_features.EnableOrDiasble" time="0.013" errors="0" timestamp="2023-07-07T16:20:18 IST" skipped="3">
  <testcase classname="TestNG_features.EnableOrDiasble" name="test4" time="0.013"/>
  <testcase classname="TestNG_features.EnableOrDiasble" name="test1">
    <skipped/>
  </testcase> <!-- test1 -->
  <testcase classname="TestNG_features.EnableOrDiasble" name="test3">
    <skipped/>
  </testcase> <!-- test3 -->
  <testcase classname="TestNG_features.EnableOrDiasble" name="test5">
    <skipped/>
  </testcase> <!-- test5 -->
</testsuite> <!-- TestNG_features.EnableOrDiasble -->
