<?xml version="1.0" encoding="UTF-8"?>
<!-- Generated by org.testng.reporters.JUnitReportReporter -->
<testsuite hostname="DESKTOP-15J4PS7" failures="0" tests="4" name="Data_provider.Program2" time="115.677" errors="0" timestamp="2023-07-12T14:46:29 IST" skipped="0">
  <testcase classname="Data_provider.Program2" name="LoginTest" time="28.515"/>
  <testcase classname="Data_provider.Program2" name="LoginTest" time="27.569"/>
  <testcase classname="Data_provider.Program2" name="LoginTest" time="42.482"/>
  <testcase classname="Data_provider.Program2" name="LoginTest" time="17.111"/>
</testsuite> <!-- Data_provider.Program2 -->
