<?xml version="1.0" encoding="UTF-8"?>
<!-- Generated by org.testng.reporters.JUnitReportReporter -->
<testsuite hostname="DESKTOP-15J4PS7" failures="0" tests="3" name="TestNG_features.Priority_keyword" time="42.846" errors="0" timestamp="2023-07-06T18:40:51 IST" skipped="0">
  <testcase classname="TestNG_features.Priority_keyword" name="method1" time="11.396"/>
  <testcase classname="TestNG_features.Priority_keyword" name="Title" time="17.184"/>
  <testcase classname="TestNG_features.Priority_keyword" name="Logo" time="14.266"/>
</testsuite> <!-- TestNG_features.Priority_keyword -->
