<?xml version="1.0" encoding="UTF-8"?>
<!-- Generated by org.testng.reporters.JUnitReportReporter -->
<testsuite hostname="DESKTOP-15J4PS7" failures="0" tests="2" name="TestNG_features.Demo" time="49.736" errors="0" timestamp="2023-07-06T10:19:34 IST" skipped="0">
  <testcase classname="TestNG_features.Demo" name="Title" time="32.572"/>
  <testcase classname="TestNG_features.Demo" name="Logo" time="17.164"/>
</testsuite> <!-- TestNG_features.Demo -->
