<?xml version="1.0" encoding="UTF-8"?>
<!-- Generated by org.testng.reporters.JUnitReportReporter -->
<testsuite hostname="DESKTOP-15J4PS7" failures="0" tests="1" name="Annotations.Annotations1" time="0.018" errors="0" timestamp="2023-07-06T10:34:51 IST" skipped="0">
  <testcase classname="Annotations.Annotations1" name="GetTitle2" time="0.018"/>
</testsuite> <!-- Annotations.Annotations1 -->
